flutter_application_1/build/app/intermediates/manifest_merge_blame_file/debug/manifest-merger-blame-debug-report.txt
1<?xml version="1.0" encoding="utf-8"?>
2<manifest xmlns:android="http://schemas.android.com/apk/res/android"
3    package="com.example.flutter_application_1"
4    android:versionCode="1"
5    android:versionName="0.1.0" >
6
7    <uses-sdk
8        android:minSdkVersion="21"
9        android:targetSdkVersion="34" />
10    <!--
11         The INTERNET permission is required for development. Specifically,
12         the Flutter tool needs it to communicate with the running application
13         to allow setting breakpoints, to provide hot reload, etc.
14    -->
15    <uses-permission android:name="android.permission.INTERNET" />
15-->src\main\AndroidManifest.xml:2:1-62
15-->src\main\AndroidManifest.xml:2:18-60
16    <uses-permission android:name="android.permission.BIND_TEXT_SERVICE" />
16-->src\main\AndroidManifest.xml:3:1-71
16-->src\main\AndroidManifest.xml:3:18-69
17
18    <queries>
18-->src\main\AndroidManifest.xml:5:1-9:11
19        <intent>
19-->src\main\AndroidManifest.xml:6:3-8:12
20            <action android:name="android.intent.action.TTS_SERVICE" />
20-->src\main\AndroidManifest.xml:7:5-64
20-->src\main\AndroidManifest.xml:7:13-61
21        </intent>
22    </queries>
23    <!--
24 Required to query activities that can process text, see:
25         https://developer.android.com/training/package-visibility and
26         https://developer.android.com/reference/android/content/Intent#ACTION_PROCESS_TEXT.
27
28         In particular, this is used by the Flutter engine in io.flutter.plugin.text.ProcessTextPlugin.
29    -->
30    <queries>
30-->src\main\AndroidManifest.xml:5:1-9:11
31        <intent>
32            <action android:name="android.intent.action.PROCESS_TEXT" />
33
34            <data android:mimeType="text/plain" />
35        </intent>
36    </queries>
37
38    <application
39        android:name="android.app.Application"
40        android:appComponentFactory="androidx.core.app.CoreComponentFactory"
40-->[androidx.core:core:1.8.0] AndroidManifest.xml:24:18-86
41        android:debuggable="true"
42        android:icon="@mipmap/ic_launcher"
43        android:label="flutter_application_1" >
44        <activity
45            android:name="com.example.flutter_application_1.MainActivity"
46            android:configChanges="orientation|keyboardHidden|keyboard|screenSize|smallestScreenSize|locale|layoutDirection|fontScale|screenLayout|density|uiMode"
47            android:exported="true"
48            android:hardwareAccelerated="true"
49            android:launchMode="singleTop"
50            android:taskAffinity=""
51            android:theme="@style/LaunchTheme"
52            android:windowSoftInputMode="adjustResize" >
53
54            <!--
55                 Specifies an Android theme to apply to this Activity as soon as
56                 the Android process has started. This theme is visible to the user
57                 while the Flutter UI initializes. After that, this theme continues
58                 to determine the Window background behind the Flutter UI.
59            -->
60            <meta-data
61                android:name="io.flutter.embedding.android.NormalTheme"
62                android:resource="@style/NormalTheme" />
63
64            <intent-filter>
65                <action android:name="android.intent.action.MAIN" />
66
67                <category android:name="android.intent.category.LAUNCHER" />
68            </intent-filter>
69        </activity>
70        <!--
71             Don't delete the meta-data below.
72             This is used by the Flutter tool to generate GeneratedPluginRegistrant.java
73        -->
74        <meta-data
75            android:name="flutterEmbedding"
76            android:value="2" />
77
78        <uses-library
78-->[androidx.window:window:1.0.0-beta04] AndroidManifest.xml:25:9-27:40
79            android:name="androidx.window.extensions"
79-->[androidx.window:window:1.0.0-beta04] AndroidManifest.xml:26:13-54
80            android:required="false" />
80-->[androidx.window:window:1.0.0-beta04] AndroidManifest.xml:27:13-37
81        <uses-library
81-->[androidx.window:window:1.0.0-beta04] AndroidManifest.xml:28:9-30:40
82            android:name="androidx.window.sidecar"
82-->[androidx.window:window:1.0.0-beta04] AndroidManifest.xml:29:13-51
83            android:required="false" />
83-->[androidx.window:window:1.0.0-beta04] AndroidManifest.xml:30:13-37
84    </application>
85
86</manifest>